
> productos@0.2.7 dev
> concurrently -k -p "[{name}]" -n "vite,server" -c "cyan.bold,green.bold" "vite" "npm run dev:server"

[32m[1m[server][22m[39m 
[32m[1m[server][22m[39m > productos@0.2.7 dev:server
[32m[1m[server][22m[39m > cd src-tauri && cargo run --bin productos-server
[32m[1m[server][22m[39m 
[36m[1m[vite][22m[39m 
[36m[1m[vite][22m[39m   [32m[1mVITE[22m v8.0.3[39m  [2mready in [0m[1m1396[22m[2m[0m ms[22m
[36m[1m[vite][22m[39m 
[36m[1m[vite][22m[39m   [32m➜[39m  [1mLocal[22m:   [36mhttp://localhost:[1m5173[22m/[39m
[36m[1m[vite][22m[39m [2m  [32m➜[39m  [1mNetwork[22m[2m: use [22m[1m--host[22m[2m to expose[22m
[32m[1m[server][22m[39m    Compiling productos v0.2.6 (/Users/assafmiron/Documents/Code/ai-researcher/src-tauri)
[32m[1m[server][22m[39m error: unexpected closing delimiter: `}`
[32m[1m[server][22m[39m    --> src/commands/settings_commands.rs:251:1
[32m[1m[server][22m[39m     |
[32m[1m[server][22m[39m 184 | pub async fn authenticate_gemini_internal(app: Option<tauri::AppHandle>) -> AppResult<String> {
[32m[1m[server][22m[39m     |                                                                                               - this delimiter might not be properly closed...
[32m[1m[server][22m[39m ...
[32m[1m[server][22m[39m 250 |     }
[32m[1m[server][22m[39m     |     - ...as it matches this but it has different indentation
[32m[1m[server][22m[39m 251 | }
[32m[1m[server][22m[39m     | ^ unexpected closing delimiter
[32m[1m[server][22m[39m 
[32m[1m[server][22m[39m error: could not compile `productos` (lib) due to 1 previous error
[32m[1m[server][22m[39m [0mnpm run dev:server exited with code 101[0m
[0m-->[0m [0mSending SIGTERM to other processes..[0m
[36m[1m[vite][22m[39m [0mvite exited with code 143[0m
